1700896478564|7|statement|connection 2|url jdbc:postgresql://localhost:5432/online_order_dev|select * from information_schema.sequences|select * from information_schema.sequences
1700896504303|6|statement|connection 2|url jdbc:postgresql://localhost:5432/online_order_dev|select * from information_schema.sequences|select * from information_schema.sequences

----------------------------------------------------------------------------------------------------
                                            QUERY LOG
----------------------------------------------------------------------------------------------------
    select
        * 
    from
        information_schema.sequences
----------------------------------------------------------------------------------------------------
- Connection ID                           : 5
- Execution Time                          : 3 ms
- Call Stacks                             :

----------------------------------------------------------------------------------------------------

1700899983513|7|statement|connection 2|url jdbc:postgresql://localhost:5432/online_order_dev|select * from information_schema.sequences|select * from information_schema.sequences

----------------------------------------------------------------------------------------------------
                                            QUERY LOG
----------------------------------------------------------------------------------------------------
    select
        user0_.id as id1_0_,
        user0_.bio as bio2_0_,
        user0_.created_at as created_3_0_,
        user0_.email as email4_0_,
        user0_.image_url as image_ur5_0_,
        user0_.password as password6_0_,
        user0_.user_name as user_nam7_0_,
        user0_.uuid as uuid8_0_ 
    from
        users user0_ 
    where
        user0_.id=2
----------------------------------------------------------------------------------------------------
- Connection ID                           : 3
- Execution Time                          : 1 ms
- Call Stacks                             :

----------------------------------------------------------------------------------------------------


----------------------------------------------------------------------------------------------------
                                            QUERY LOG
----------------------------------------------------------------------------------------------------
    select
        * 
    from
        information_schema.sequences
----------------------------------------------------------------------------------------------------
- Connection ID                           : 6
- Execution Time                          : 3 ms
- Call Stacks                             :

----------------------------------------------------------------------------------------------------


----------------------------------------------------------------------------------------------------
                                            QUERY LOG
----------------------------------------------------------------------------------------------------
    select
        user0_.id as id1_0_,
        user0_.bio as bio2_0_,
        user0_.created_at as created_3_0_,
        user0_.email as email4_0_,
        user0_.image_url as image_ur5_0_,
        user0_.password as password6_0_,
        user0_.user_name as user_nam7_0_,
        user0_.uuid as uuid8_0_ 
    from
        users user0_ 
    where
        user0_.id=2
----------------------------------------------------------------------------------------------------
- Connection ID                           : 7
- Execution Time                          : 2 ms
- Call Stacks                             :

----------------------------------------------------------------------------------------------------


----------------------------------------------------------------------------------------------------
                                            QUERY LOG
----------------------------------------------------------------------------------------------------
    select
        * 
    from
        information_schema.sequences
----------------------------------------------------------------------------------------------------
- Connection ID                           : 10
- Execution Time                          : 3 ms
- Call Stacks                             :

----------------------------------------------------------------------------------------------------


----------------------------------------------------------------------------------------------------
                                            QUERY LOG
----------------------------------------------------------------------------------------------------
    select
        user0_.id as id1_0_,
        user0_.bio as bio2_0_,
        user0_.created_at as created_3_0_,
        user0_.email as email4_0_,
        user0_.image_url as image_ur5_0_,
        user0_.password as password6_0_,
        user0_.user_name as user_nam7_0_,
        user0_.uuid as uuid8_0_ 
    from
        users user0_ 
    where
        user0_.id=2
----------------------------------------------------------------------------------------------------
- Connection ID                           : 11
- Execution Time                          : 0 ms
- Call Stacks                             :

----------------------------------------------------------------------------------------------------


----------------------------------------------------------------------------------------------------
                                            QUERY LOG
----------------------------------------------------------------------------------------------------
    select
        user0_.id as id1_0_,
        user0_.bio as bio2_0_,
        user0_.created_at as created_3_0_,
        user0_.email as email4_0_,
        user0_.image_url as image_ur5_0_,
        user0_.password as password6_0_,
        user0_.user_name as user_nam7_0_,
        user0_.uuid as uuid8_0_ 
    from
        users user0_ 
    where
        user0_.id=2
----------------------------------------------------------------------------------------------------
- Connection ID                           : 12
- Execution Time                          : 0 ms
- Call Stacks                             :

----------------------------------------------------------------------------------------------------

1700900190453|7|statement|connection 2|url jdbc:postgresql://localhost:5432/online_order_dev|select * from information_schema.sequences|select * from information_schema.sequences

----------------------------------------------------------------------------------------------------
                                            QUERY LOG
----------------------------------------------------------------------------------------------------
    select
        user0_.id as id1_0_,
        user0_.bio as bio2_0_,
        user0_.created_at as created_3_0_,
        user0_.email as email4_0_,
        user0_.image_url as image_ur5_0_,
        user0_.password as password6_0_,
        user0_.user_name as user_nam7_0_,
        user0_.uuid as uuid8_0_ 
    from
        users user0_ 
    where
        user0_.id=2
----------------------------------------------------------------------------------------------------
- Connection ID                           : 3
- Execution Time                          : 0 ms
- Call Stacks                             :

----------------------------------------------------------------------------------------------------


----------------------------------------------------------------------------------------------------
                                            QUERY LOG
----------------------------------------------------------------------------------------------------
    select
        * 
    from
        information_schema.sequences
----------------------------------------------------------------------------------------------------
- Connection ID                           : 6
- Execution Time                          : 3 ms
- Call Stacks                             :

----------------------------------------------------------------------------------------------------


----------------------------------------------------------------------------------------------------
                                            QUERY LOG
----------------------------------------------------------------------------------------------------
    select
        * 
    from
        information_schema.sequences
----------------------------------------------------------------------------------------------------
- Connection ID                           : 9
- Execution Time                          : 3 ms
- Call Stacks                             :

----------------------------------------------------------------------------------------------------


----------------------------------------------------------------------------------------------------
                                            QUERY LOG
----------------------------------------------------------------------------------------------------
    select
        user0_.id as id1_0_,
        user0_.bio as bio2_0_,
        user0_.created_at as created_3_0_,
        user0_.email as email4_0_,
        user0_.image_url as image_ur5_0_,
        user0_.password as password6_0_,
        user0_.user_name as user_nam7_0_,
        user0_.uuid as uuid8_0_ 
    from
        users user0_ 
    where
        user0_.id=2
----------------------------------------------------------------------------------------------------
- Connection ID                           : 10
- Execution Time                          : 0 ms
- Call Stacks                             :

----------------------------------------------------------------------------------------------------


----------------------------------------------------------------------------------------------------
                                            QUERY LOG
----------------------------------------------------------------------------------------------------
    select
        * 
    from
        information_schema.sequences
----------------------------------------------------------------------------------------------------
- Connection ID                           : 13
- Execution Time                          : 3 ms
- Call Stacks                             :

----------------------------------------------------------------------------------------------------


----------------------------------------------------------------------------------------------------
                                            QUERY LOG
----------------------------------------------------------------------------------------------------
    select
        user0_.id as id1_0_,
        user0_.bio as bio2_0_,
        user0_.created_at as created_3_0_,
        user0_.email as email4_0_,
        user0_.image_url as image_ur5_0_,
        user0_.password as password6_0_,
        user0_.user_name as user_nam7_0_,
        user0_.uuid as uuid8_0_ 
    from
        users user0_ 
    where
        user0_.id=2
----------------------------------------------------------------------------------------------------
- Connection ID                           : 14
- Execution Time                          : 1 ms
- Call Stacks                             :

----------------------------------------------------------------------------------------------------


----------------------------------------------------------------------------------------------------
                                            QUERY LOG
----------------------------------------------------------------------------------------------------
    select
        * 
    from
        information_schema.sequences
----------------------------------------------------------------------------------------------------
- Connection ID                           : 17
- Execution Time                          : 3 ms
- Call Stacks                             :

----------------------------------------------------------------------------------------------------

1700901675313|6|statement|connection 2|url jdbc:postgresql://localhost:5432/online_order_dev|select * from information_schema.sequences|select * from information_schema.sequences

----------------------------------------------------------------------------------------------------
                                            QUERY LOG
----------------------------------------------------------------------------------------------------
    select
        * 
    from
        information_schema.sequences
----------------------------------------------------------------------------------------------------
- Connection ID                           : 5
- Execution Time                          : 3 ms
- Call Stacks                             :

----------------------------------------------------------------------------------------------------

1700902034932|7|statement|connection 2|url jdbc:postgresql://localhost:5432/online_order_dev|select * from information_schema.sequences|select * from information_schema.sequences

----------------------------------------------------------------------------------------------------
                                            QUERY LOG
----------------------------------------------------------------------------------------------------
    select
        * 
    from
        information_schema.sequences
----------------------------------------------------------------------------------------------------
- Connection ID                           : 5
- Execution Time                          : 3 ms
- Call Stacks                             :

----------------------------------------------------------------------------------------------------


----------------------------------------------------------------------------------------------------
                                            QUERY LOG
----------------------------------------------------------------------------------------------------
    select
        * 
    from
        information_schema.sequences
----------------------------------------------------------------------------------------------------
- Connection ID                           : 8
- Execution Time                          : 3 ms
- Call Stacks                             :

----------------------------------------------------------------------------------------------------


----------------------------------------------------------------------------------------------------
                                            QUERY LOG
----------------------------------------------------------------------------------------------------
    select
        * 
    from
        information_schema.sequences
----------------------------------------------------------------------------------------------------
- Connection ID                           : 11
- Execution Time                          : 3 ms
- Call Stacks                             :

----------------------------------------------------------------------------------------------------


----------------------------------------------------------------------------------------------------
                                            QUERY LOG
----------------------------------------------------------------------------------------------------
    select
        * 
    from
        information_schema.sequences
----------------------------------------------------------------------------------------------------
- Connection ID                           : 14
- Execution Time                          : 3 ms
- Call Stacks                             :

----------------------------------------------------------------------------------------------------


----------------------------------------------------------------------------------------------------
                                            QUERY LOG
----------------------------------------------------------------------------------------------------
    select
        * 
    from
        information_schema.sequences
----------------------------------------------------------------------------------------------------
- Connection ID                           : 17
- Execution Time                          : 3 ms
- Call Stacks                             :

----------------------------------------------------------------------------------------------------


----------------------------------------------------------------------------------------------------
                                            QUERY LOG
----------------------------------------------------------------------------------------------------
    select
        user0_.id as id1_0_,
        user0_.bio as bio2_0_,
        user0_.created_at as created_3_0_,
        user0_.email as email4_0_,
        user0_.image_url as image_ur5_0_,
        user0_.password as password6_0_,
        user0_.user_name as user_nam7_0_,
        user0_.uuid as uuid8_0_ 
    from
        users user0_ 
    where
        user0_.id=2
----------------------------------------------------------------------------------------------------
- Connection ID                           : 18
- Execution Time                          : 0 ms
- Call Stacks                             :

----------------------------------------------------------------------------------------------------


----------------------------------------------------------------------------------------------------
                                            QUERY LOG
----------------------------------------------------------------------------------------------------
    select
        * 
    from
        information_schema.sequences
----------------------------------------------------------------------------------------------------
- Connection ID                           : 21
- Execution Time                          : 5 ms
- Call Stacks                             :

----------------------------------------------------------------------------------------------------

1700906964735|7|statement|connection 2|url jdbc:postgresql://localhost:5432/online_order_dev|select * from information_schema.sequences|select * from information_schema.sequences

----------------------------------------------------------------------------------------------------
                                            QUERY LOG
----------------------------------------------------------------------------------------------------
    select
        * 
    from
        information_schema.sequences
----------------------------------------------------------------------------------------------------
- Connection ID                           : 5
- Execution Time                          : 3 ms
- Call Stacks                             :

----------------------------------------------------------------------------------------------------

1700907053534|6|statement|connection 2|url jdbc:postgresql://localhost:5432/online_order_dev|select * from information_schema.sequences|select * from information_schema.sequences

----------------------------------------------------------------------------------------------------
                                            QUERY LOG
----------------------------------------------------------------------------------------------------
    select
        * 
    from
        information_schema.sequences
----------------------------------------------------------------------------------------------------
- Connection ID                           : 5
- Execution Time                          : 3 ms
- Call Stacks                             :

----------------------------------------------------------------------------------------------------


----------------------------------------------------------------------------------------------------
                                            QUERY LOG
----------------------------------------------------------------------------------------------------
    select
        * 
    from
        information_schema.sequences
----------------------------------------------------------------------------------------------------
- Connection ID                           : 8
- Execution Time                          : 3 ms
- Call Stacks                             :

----------------------------------------------------------------------------------------------------

1700907659487|7|statement|connection 2|url jdbc:postgresql://localhost:5432/online_order_dev|select * from information_schema.sequences|select * from information_schema.sequences
1700907684759|6|statement|connection 2|url jdbc:postgresql://localhost:5432/online_order_dev|select * from information_schema.sequences|select * from information_schema.sequences

----------------------------------------------------------------------------------------------------
                                            QUERY LOG
----------------------------------------------------------------------------------------------------
    select
        * 
    from
        information_schema.sequences
----------------------------------------------------------------------------------------------------
- Connection ID                           : 5
- Execution Time                          : 3 ms
- Call Stacks                             :

----------------------------------------------------------------------------------------------------

1700908507683|7|statement|connection 2|url jdbc:postgresql://localhost:5432/online_order_dev|select * from information_schema.sequences|select * from information_schema.sequences
1700922339070|62|statement|connection 2|url jdbc:postgresql://localhost:5432/online_order_dev|select * from information_schema.sequences|select * from information_schema.sequences

----------------------------------------------------------------------------------------------------
                                            QUERY LOG
----------------------------------------------------------------------------------------------------
    select
        * 
    from
        information_schema.sequences
----------------------------------------------------------------------------------------------------
- Connection ID                           : 5
- Execution Time                          : 3 ms
- Call Stacks                             :

----------------------------------------------------------------------------------------------------


----------------------------------------------------------------------------------------------------
                                            QUERY LOG
----------------------------------------------------------------------------------------------------
    select
        * 
    from
        information_schema.sequences
----------------------------------------------------------------------------------------------------
- Connection ID                           : 8
- Execution Time                          : 6 ms
- Call Stacks                             :

----------------------------------------------------------------------------------------------------

